[2025-08-11T02:22:28.269900] [INFO] ============================================================
[2025-08-11T02:22:28.269997] [INFO] SUPER PROFESSIONAL MODE LITE - INITIALIZING
[2025-08-11T02:22:28.270039] [INFO] ============================================================
[2025-08-11T02:22:28.275301] [INFO] Optimizing system resource limits...
[2025-08-11T02:22:28.275645] [INFO] System limits optimized
[2025-08-11T02:22:28.275524] [INFO] Setting up parallel environment...
[2025-08-11T02:22:28.275917] [INFO] Parallel environment configured
[2025-08-11T02:22:28.278132] [INFO] Starting parallel workspace analysis...
[2025-08-11T02:22:28.297861] [INFO] Workspace analysis completed: 3570 files, 45 dirs, 0.77 MB
[2025-08-11T02:22:28.298287] [INFO] Running async optimization tasks...
[2025-08-11T02:22:28.298672] [INFO] Async task: Cache directories optimized
[2025-08-11T02:22:28.298715] [INFO] Async task: Services: .knowledge_sync.pid: active, .knowledge_watch.pid: active
[2025-08-11T02:22:28.298742] [INFO] Async task: Indexes created
[2025-08-11T02:22:28.298895] [INFO] Generating performance report...
[2025-08-11T02:22:28.504147] [INFO] Performance report generated
[2025-08-11T02:22:28.504202] [INFO] ============================================================
[2025-08-11T02:22:28.504236] [INFO] SUPER PROFESSIONAL MODE - FULLY ACTIVATED
[2025-08-11T02:22:28.504263] [INFO] ============================================================
[2025-08-11T02:22:28.504290] [INFO] Execution time: 0.23s
[2025-08-11T02:22:28.504316] [INFO] CPU cores: 4 (MAXIMUM UTILIZATION)
[2025-08-11T02:22:28.504340] [INFO] Optimizations: 2
[2025-08-11T02:22:28.504364] [INFO] Performance: EXTREME
[2025-08-11T02:22:28.504388] [INFO] ============================================================
