=== 2025-08-11T02:21:11Z ===
CPU: 73.8%
MEM: 1.1Gi/15Gi
LOAD:  0.16, 0.26, 0.12
overlay         126G  5.7G  114G   5% /
=== 2025-08-11T02:22:11Z ===
CPU: 2.3%
MEM: 1.1Gi/15Gi
LOAD:  0.06, 0.21, 0.11
overlay         126G  5.8G  114G   5% /
=== 2025-08-11T02:23:11Z ===
CPU: 4.9%
MEM: 1.1Gi/15Gi
LOAD:  0.02, 0.17, 0.10
overlay         126G  5.8G  114G   5% /
=== 2025-08-11T02:24:11Z ===
CPU: 0.0%
MEM: 1.1Gi/15Gi
LOAD:  0.07, 0.15, 0.10
overlay         126G  5.8G  114G   5% /
=== 2025-08-11T02:25:12Z ===
CPU: 2.4%
MEM: 1.1Gi/15Gi
LOAD:  0.02, 0.12, 0.09
overlay         126G  5.8G  114G   5% /
=== 2025-08-11T02:26:12Z ===
CPU: 2.4%
MEM: 1.1Gi/15Gi
LOAD:  0.01, 0.10, 0.08
overlay         126G  5.8G  114G   5% /
=== 2025-08-11T02:27:12Z ===
CPU: 0.0%
MEM: 1.1Gi/15Gi
LOAD:  0.00, 0.08, 0.08
overlay         126G  5.8G  114G   5% /
=== 2025-08-11T02:28:12Z ===
CPU: 0.0%
MEM: 1.1Gi/15Gi
LOAD:  0.00, 0.06, 0.07
overlay         126G  5.8G  114G   5% /
=== 2025-08-11T02:29:13Z ===
CPU: 4.8%
MEM: 1.1Gi/15Gi
LOAD:  0.19, 0.09, 0.08
overlay         126G  5.8G  114G   5% /
=== 2025-08-11T02:30:13Z ===
CPU: 2.4%
MEM: 1.1Gi/15Gi
LOAD:  0.27, 0.12, 0.09
overlay         126G  5.8G  114G   5% /
=== 2025-08-11T02:31:13Z ===
CPU: 0.0%
MEM: 1.2Gi/15Gi
LOAD:  0.64, 0.30, 0.16
overlay         126G  6.0G  114G   5% /
=== 2025-08-11T02:32:13Z ===
CPU: 0.0%
MEM: 1.2Gi/15Gi
LOAD:  0.23, 0.24, 0.15
overlay         126G  6.0G  114G   5% /
=== 2025-08-11T02:33:13Z ===
CPU: 0.0%
MEM: 1.2Gi/15Gi
LOAD:  0.12, 0.21, 0.14
overlay         126G  6.0G  114G   5% /
=== 2025-08-11T02:34:14Z ===
CPU: 2.4%
MEM: 1.2Gi/15Gi
LOAD:  0.08, 0.18, 0.13
overlay         126G  6.0G  114G   5% /
=== 2025-08-11T02:35:14Z ===
CPU: 0.0%
MEM: 1.2Gi/15Gi
LOAD:  0.10, 0.16, 0.13
overlay         126G  6.0G  114G   5% /
=== 2025-08-11T02:36:14Z ===
CPU: 0.0%
MEM: 1.2Gi/15Gi
LOAD:  0.03, 0.13, 0.12
overlay         126G  6.0G  114G   5% /
=== 2025-08-11T02:37:14Z ===
CPU: 0.0%
MEM: 1.2Gi/15Gi
LOAD:  0.01, 0.11, 0.10
overlay         126G  6.0G  114G   5% /
=== 2025-08-11T02:38:14Z ===
CPU: 5.0%
MEM: 1.2Gi/15Gi
LOAD:  0.00, 0.08, 0.09
overlay         126G  6.0G  114G   5% /
